Using pre-set license
Built from '2020.3/staging' branch; Version is '2020.3.19f1 (68f137dc9bbe) revision 6877495'; Using compiler version '192528614'; Build Type 'Release'
OS: 'Windows 10 Pro; OS build 19043.1081; Version 2009; 64bit' Language: 'en' Physical Memory: 16263 MB
BatchMode: 1, IsHumanControllingUs: 0, StartBugReporterOnCrash: 0, Is64bit: 1, IsPro: 0

COMMAND LINE ARGUMENTS:
D:\Unity3D\2020.3.19f1\Editor\Unity.exe
-adb2
-batchMode
-noUpm
-name
AssetImportWorker0
-projectPath
C:/Users/PAPPURAJ/DUET SkyEye
-logFile
Logs/AssetImportWorker0.log
-srvPort
10437
Successfully changed project path to: C:/Users/PAPPURAJ/DUET SkyEye
C:/Users/PAPPURAJ/DUET SkyEye
Using Asset Import Pipeline V2.
Refreshing native plugins compatible for Editor in 45.08 ms, found 2 plugins.
Preloading 0 native plugins for Editor in 0.00 ms.
Initialize engine version: 2020.3.19f1 (68f137dc9bbe)
[Subsystems] Discovering subsystems at path D:/Unity3D/2020.3.19f1/Editor/Data/Resources/UnitySubsystems
[Subsystems] Discovering subsystems at path C:/Users/PAPPURAJ/DUET SkyEye/Assets
GfxDevice: creating device client; threaded=0
Direct3D:
    Version:  Direct3D 11.0 [level 11.1]
    Renderer: Intel(R) HD Graphics 520 (ID=0x1916)
    Vendor:   
    VRAM:     8131 MB
    Driver:   27.20.100.8854
Initialize mono
Mono path[0] = 'D:/Unity3D/2020.3.19f1/Editor/Data/Managed'
Mono path[1] = 'D:/Unity3D/2020.3.19f1/Editor/Data/MonoBleedingEdge/lib/mono/unityjit'
Mono config path = 'D:/Unity3D/2020.3.19f1/Editor/Data/MonoBleedingEdge/etc'
Using monoOptions --debugger-agent=transport=dt_socket,embedding=1,server=y,suspend=n,address=127.0.0.1:56292
Begin MonoManager ReloadAssembly
Registering precompiled unity dll's ...
Register platform support module: D:/Unity3D/2020.3.19f1/Editor/Data/PlaybackEngines/WindowsStandaloneSupport/UnityEditor.WindowsStandalone.Extensions.dll
Registered in 0.002198 seconds.
Native extension for WindowsStandalone target not found
Refreshing native plugins compatible for Editor in 35.16 ms, found 2 plugins.
Preloading 0 native plugins for Editor in 0.00 ms.
Mono: successfully reloaded assembly
- Completed reload, in  1.265 seconds
Domain Reload Profiling:
	ReloadAssembly (1265ms)
		BeginReloadAssembly (85ms)
			ExecutionOrderSort (0ms)
			DisableScriptedObjects (0ms)
			BackupInstance (0ms)
			ReleaseScriptingObjects (0ms)
			CreateAndSetChildDomain (1ms)
		EndReloadAssembly (529ms)
			LoadAssemblies (83ms)
			RebuildTransferFunctionScriptingTraits (0ms)
			SetupTypeCache (212ms)
			ReleaseScriptCaches (0ms)
			RebuildScriptCaches (40ms)
			SetupLoadedEditorAssemblies (196ms)
				LogAssemblyErrors (0ms)
				InitializePlatformSupportModulesInManaged (5ms)
				SetLoadedEditorAssemblies (0ms)
				RefreshPlugins (35ms)
				BeforeProcessingInitializeOnLoad (11ms)
				ProcessInitializeOnLoadAttributes (105ms)
				ProcessInitializeOnLoadMethodAttributes (39ms)
				AfterProcessingInitializeOnLoad (0ms)
				EditorAssembliesLoaded (0ms)
			ExecutionOrderSort2 (0ms)
			AwakeInstancesAfterBackupRestoration (0ms)
Platform modules already initialized, skipping
Registering precompiled user dll's ...
Registered in 0.006797 seconds.
Begin MonoManager ReloadAssembly
Native extension for WindowsStandalone target not found
Refreshing native plugins compatible for Editor in 0.32 ms, found 2 plugins.
Preloading 0 native plugins for Editor in 0.00 ms.
Mono: successfully reloaded assembly
- Completed reload, in  1.356 seconds
Domain Reload Profiling:
	ReloadAssembly (1357ms)
		BeginReloadAssembly (232ms)
			ExecutionOrderSort (0ms)
			DisableScriptedObjects (7ms)
			BackupInstance (0ms)
			ReleaseScriptingObjects (0ms)
			CreateAndSetChildDomain (30ms)
		EndReloadAssembly (1021ms)
			LoadAssemblies (138ms)
			RebuildTransferFunctionScriptingTraits (0ms)
			SetupTypeCache (360ms)
			ReleaseScriptCaches (0ms)
			RebuildScriptCaches (58ms)
			SetupLoadedEditorAssemblies (375ms)
				LogAssemblyErrors (0ms)
				InitializePlatformSupportModulesInManaged (6ms)
				SetLoadedEditorAssemblies (1ms)
				RefreshPlugins (0ms)
				BeforeProcessingInitializeOnLoad (62ms)
				ProcessInitializeOnLoadAttributes (295ms)
				ProcessInitializeOnLoadMethodAttributes (6ms)
				AfterProcessingInitializeOnLoad (5ms)
				EditorAssembliesLoaded (0ms)
			ExecutionOrderSort2 (0ms)
			AwakeInstancesAfterBackupRestoration (9ms)
Platform modules already initialized, skipping
========================================================================
Worker process is ready to serve import requests
Launched and connected shader compiler UnityShaderCompiler.exe after 0.13 seconds
Refreshing native plugins compatible for Editor in 0.40 ms, found 2 plugins.
Preloading 0 native plugins for Editor in 0.00 ms.
Unloading 1397 Unused Serialized files (Serialized files now loaded: 0)
System memory in use before: 64.9 MB.
System memory in use after: 64.9 MB.

Unloading 16 unused Assets to reduce memory usage. Loaded Objects now: 1834.
Total: 3.702500 ms (FindLiveObjects: 0.256100 ms CreateObjectMapping: 0.074700 ms MarkObjects: 3.260200 ms  DeleteObjects: 0.110000 ms)

AssetImportParameters requested are different than current active one (requested -> active):
  custom:framework-win-MediaFoundation: 216162199b28c13a410421893ffa2e32 -> 
  custom:video-decoder-ogg-theora: a1e56fd34408186e4bbccfd4996cb3dc -> 
  custom:container-muxer-webm: aa71ff27fc2769a1b78a27578f13a17b -> 
  custom:container-demuxer-webm: 4f35f7cbe854078d1ac9338744f61a02 -> 
  custom:container-demuxer-ogg: 62fdf1f143b41e24485cea50d1cbac27 -> 
  custom:video-encoder-webm-vp8: eb34c28f22e8b96e1ab97ce403110664 -> 
  custom:video-decoder-webm-vp8: 9c59270c3fd7afecdb556c50c9e8de78 -> 
  custom:audio-decoder-ogg-vorbis: bf7c407c2cedff20999df2af8eb42d56 -> 
  custom:audio-encoder-webm-vorbis: bf7c407c2cedff20999df2af8eb42d56 -> 
========================================================================
Received Import Request.
  path: Assets/Textures and Materials/Plannet Scene/earthmap1k.jpg
  artifactKey: Guid(7213a6c953534c3449eceab4a3e66a77) Importer(815301076,1909f56bfc062723c751e8b465ee728b)
Start importing Assets/Textures and Materials/Plannet Scene/earthmap1k.jpg using Guid(7213a6c953534c3449eceab4a3e66a77) Importer(815301076,1909f56bfc062723c751e8b465ee728b)  -> (artifact id: 'f1cc418b62f5cc7809d330df6061c8ed') in 0.184889 seconds 
  Import took 0.188969 seconds .

========================================================================
Received Import Request.
  Time since last request: 0.000560 seconds.
  path: Assets/Textures and Materials/Plannet Scene/moonmap1k.jpg
  artifactKey: Guid(70c43902b47f9744e942eb9b8312effb) Importer(815301076,1909f56bfc062723c751e8b465ee728b)
Start importing Assets/Textures and Materials/Plannet Scene/moonmap1k.jpg using Guid(70c43902b47f9744e942eb9b8312effb) Importer(815301076,1909f56bfc062723c751e8b465ee728b)  -> (artifact id: 'd54fc4fc099f73f8249ad390580405e0') in 0.037156 seconds 
  Import took 0.041669 seconds .

========================================================================
Received Import Request.
  Time since last request: 0.000430 seconds.
  path: Assets/Textures and Materials/Plannet Scene/mercurymap.jpg
  artifactKey: Guid(879bcb713d161b547b6ee7d0c51797ba) Importer(815301076,1909f56bfc062723c751e8b465ee728b)
Start importing Assets/Textures and Materials/Plannet Scene/mercurymap.jpg using Guid(879bcb713d161b547b6ee7d0c51797ba) Importer(815301076,1909f56bfc062723c751e8b465ee728b)  -> (artifact id: '3c5ba74c006e7b524c4df8f234ccbaee') in 0.027410 seconds 
  Import took 0.031587 seconds .

========================================================================
Received Import Request.
  Time since last request: 0.000381 seconds.
  path: Assets/Textures and Materials/Plannet Scene/mars_1k_color.jpg
  artifactKey: Guid(084e2bb452aa42341b96925f1e2e964d) Importer(815301076,1909f56bfc062723c751e8b465ee728b)
Start importing Assets/Textures and Materials/Plannet Scene/mars_1k_color.jpg using Guid(084e2bb452aa42341b96925f1e2e964d) Importer(815301076,1909f56bfc062723c751e8b465ee728b)  -> (artifact id: '05c897d7f16799c098a4e44cc9224feb') in 0.024291 seconds 
  Import took 0.028143 seconds .

========================================================================
Received Import Request.
  Time since last request: 0.000381 seconds.
  path: Assets/Textures and Materials/Plannet Scene/space.jpg
  artifactKey: Guid(5b3b99ed4c7c4e64c96b1d7faba6a25c) Importer(815301076,1909f56bfc062723c751e8b465ee728b)
Start importing Assets/Textures and Materials/Plannet Scene/space.jpg using Guid(5b3b99ed4c7c4e64c96b1d7faba6a25c) Importer(815301076,1909f56bfc062723c751e8b465ee728b)  -> (artifact id: 'fc309b781778ab7243ef69df8be3f90e') in 0.031319 seconds 
  Import took 0.035929 seconds .

========================================================================
Received Import Request.
  Time since last request: 0.000417 seconds.
  path: Assets/Textures and Materials/Plannet Scene/venusmap.jpg
  artifactKey: Guid(d6be6bf8a0128e848899ab1d41cee1c5) Importer(815301076,1909f56bfc062723c751e8b465ee728b)
Start importing Assets/Textures and Materials/Plannet Scene/venusmap.jpg using Guid(d6be6bf8a0128e848899ab1d41cee1c5) Importer(815301076,1909f56bfc062723c751e8b465ee728b)  -> (artifact id: '5a4e47a0308152bc631182aa83bc982f') in 0.023826 seconds 
  Import took 0.028674 seconds .

========================================================================
Received Import Request.
  Time since last request: 0.000526 seconds.
  path: Assets/Textures and Materials/Plannet Scene/neptunemap.jpg
  artifactKey: Guid(5f676752c04c66d4f939ab662d92be33) Importer(815301076,1909f56bfc062723c751e8b465ee728b)
Start importing Assets/Textures and Materials/Plannet Scene/neptunemap.jpg using Guid(5f676752c04c66d4f939ab662d92be33) Importer(815301076,1909f56bfc062723c751e8b465ee728b)  -> (artifact id: '5fa99b719e8412d638ff0db4b5dd836d') in 0.020895 seconds 
  Import took 0.024509 seconds .

========================================================================
Received Import Request.
  Time since last request: 0.000603 seconds.
  path: Assets/Textures and Materials/Plannet Scene/plutomap1k.jpg
  artifactKey: Guid(7b96e3fb90712054c92732e0f02e0485) Importer(815301076,1909f56bfc062723c751e8b465ee728b)
Start importing Assets/Textures and Materials/Plannet Scene/plutomap1k.jpg using Guid(7b96e3fb90712054c92732e0f02e0485) Importer(815301076,1909f56bfc062723c751e8b465ee728b)  -> (artifact id: '0b313900b543e55bd33b87ac6a295d0c') in 0.022918 seconds 
  Import took 0.026909 seconds .

========================================================================
Received Import Request.
  Time since last request: 0.000377 seconds.
  path: Assets/Textures and Materials/Plannet Scene/sunmap.jpg
  artifactKey: Guid(2897d910557892842809a56eb23a4392) Importer(815301076,1909f56bfc062723c751e8b465ee728b)
Start importing Assets/Textures and Materials/Plannet Scene/sunmap.jpg using Guid(2897d910557892842809a56eb23a4392) Importer(815301076,1909f56bfc062723c751e8b465ee728b)  -> (artifact id: 'ccf5aaf8f77f8d223dc7520ed1b317c0') in 0.025403 seconds 
  Import took 0.028720 seconds .

========================================================================
Received Import Request.
  Time since last request: 0.000377 seconds.
  path: Assets/Textures and Materials/Plannet Scene/uranusmap.jpg
  artifactKey: Guid(25f7a95da5c9b5942bf6582188e6b9ff) Importer(815301076,1909f56bfc062723c751e8b465ee728b)
Start importing Assets/Textures and Materials/Plannet Scene/uranusmap.jpg using Guid(25f7a95da5c9b5942bf6582188e6b9ff) Importer(815301076,1909f56bfc062723c751e8b465ee728b)  -> (artifact id: '2a790b7216fe6fb90f445197ae4e2f05') in 0.022562 seconds 
  Import took 0.027646 seconds .

========================================================================
Received Import Request.
  Time since last request: 0.000358 seconds.
  path: Assets/Textures and Materials/Plannet Scene/saturnmap.jpg
  artifactKey: Guid(c0bc883f1e3aab34ab06ad8a306c15de) Importer(815301076,1909f56bfc062723c751e8b465ee728b)
Start importing Assets/Textures and Materials/Plannet Scene/saturnmap.jpg using Guid(c0bc883f1e3aab34ab06ad8a306c15de) Importer(815301076,1909f56bfc062723c751e8b465ee728b)  -> (artifact id: '90cbe84cd88769fc3f69de2269d2607e') in 0.025906 seconds 
  Import took 0.029493 seconds .

========================================================================
Received Import Request.
  Time since last request: 0.000388 seconds.
  path: Assets/Textures and Materials/Plannet Scene/jupitermap.jpg
  artifactKey: Guid(05a45d8e42625a24a97ee285480d9c2c) Importer(815301076,1909f56bfc062723c751e8b465ee728b)
Start importing Assets/Textures and Materials/Plannet Scene/jupitermap.jpg using Guid(05a45d8e42625a24a97ee285480d9c2c) Importer(815301076,1909f56bfc062723c751e8b465ee728b)  -> (artifact id: 'bc4fd7216b702b79c865b8b6a8090f39') in 0.025680 seconds 
  Import took 0.029892 seconds .

========================================================================
Received Import Request.
  Time since last request: 0.000367 seconds.
  path: Assets/Textures and Materials/Plannet Scene/Sun-icon.png
  artifactKey: Guid(1b70bb239a4206243a7b330f125d7248) Importer(815301076,1909f56bfc062723c751e8b465ee728b)
Start importing Assets/Textures and Materials/Plannet Scene/Sun-icon.png using Guid(1b70bb239a4206243a7b330f125d7248) Importer(815301076,1909f56bfc062723c751e8b465ee728b)  -> (artifact id: '7c089b073c79f69a14047ebd95de841b') in 0.028965 seconds 
  Import took 0.032934 seconds .

========================================================================
Received Import Request.
  Time since last request: 902.076245 seconds.
  path: Assets/Textures and Materials/Skyboxes/sky.jpg
  artifactKey: Guid(4501b091ec3f1d242a6638fc2111d914) Importer(815301076,1909f56bfc062723c751e8b465ee728b)
Start importing Assets/Textures and Materials/Skyboxes/sky.jpg using Guid(4501b091ec3f1d242a6638fc2111d914) Importer(815301076,1909f56bfc062723c751e8b465ee728b)  -> (artifact id: 'b0db8ef69744f07aa395696205df764b') in 0.041565 seconds 
  Import took 0.047901 seconds .

========================================================================
Received Import Request.
  Time since last request: 19.416732 seconds.
  path: Assets/Textures and Materials/Skyboxes/SkyView.mat
  artifactKey: Guid(f05615c0e40f0b142a21fde5ef3282e3) Importer(815301076,1909f56bfc062723c751e8b465ee728b)
Start importing Assets/Textures and Materials/Skyboxes/SkyView.mat using Guid(f05615c0e40f0b142a21fde5ef3282e3) Importer(815301076,1909f56bfc062723c751e8b465ee728b)  -> (artifact id: '17aa683c4285b773f2c517a8b52e3e9a') in 0.110713 seconds 
  Import took 0.114778 seconds .

========================================================================
Received Import Request.
  Time since last request: 18.779341 seconds.
  path: Assets/Textures and Materials/Skyboxes/SkyView.mat
  artifactKey: Guid(f05615c0e40f0b142a21fde5ef3282e3) Importer(815301076,1909f56bfc062723c751e8b465ee728b)
Start importing Assets/Textures and Materials/Skyboxes/SkyView.mat using Guid(f05615c0e40f0b142a21fde5ef3282e3) Importer(815301076,1909f56bfc062723c751e8b465ee728b)  -> (artifact id: '46d3ba26b55b8e66adca6adcb8eed28e') in 0.033440 seconds 
  Import took 0.037036 seconds .

========================================================================
Received Prepare
Registering precompiled user dll's ...
Registered in 0.007965 seconds.
Begin MonoManager ReloadAssembly
Native extension for WindowsStandalone target not found
Refreshing native plugins compatible for Editor in 0.32 ms, found 2 plugins.
Preloading 0 native plugins for Editor in 0.00 ms.
Mono: successfully reloaded assembly
- Completed reload, in  1.473 seconds
Domain Reload Profiling:
	ReloadAssembly (1474ms)
		BeginReloadAssembly (191ms)
			ExecutionOrderSort (0ms)
			DisableScriptedObjects (6ms)
			BackupInstance (0ms)
			ReleaseScriptingObjects (0ms)
			CreateAndSetChildDomain (53ms)
		EndReloadAssembly (1167ms)
			LoadAssemblies (149ms)
			RebuildTransferFunctionScriptingTraits (0ms)
			SetupTypeCache (435ms)
			ReleaseScriptCaches (2ms)
			RebuildScriptCaches (66ms)
			SetupLoadedEditorAssemblies (384ms)
				LogAssemblyErrors (0ms)
				InitializePlatformSupportModulesInManaged (7ms)
				SetLoadedEditorAssemblies (1ms)
				RefreshPlugins (0ms)
				BeforeProcessingInitializeOnLoad (67ms)
				ProcessInitializeOnLoadAttributes (298ms)
				ProcessInitializeOnLoadMethodAttributes (6ms)
				AfterProcessingInitializeOnLoad (5ms)
				EditorAssembliesLoaded (1ms)
			ExecutionOrderSort2 (0ms)
			AwakeInstancesAfterBackupRestoration (9ms)
Platform modules already initialized, skipping
Refreshing native plugins compatible for Editor in 0.37 ms, found 2 plugins.
Preloading 0 native plugins for Editor in 0.00 ms.
Unloading 1391 Unused Serialized files (Serialized files now loaded: 0)
System memory in use before: 68.0 MB.
System memory in use after: 68.1 MB.

Unloading 11 unused Assets to reduce memory usage. Loaded Objects now: 1878.
Total: 3.343200 ms (FindLiveObjects: 0.161900 ms CreateObjectMapping: 0.050100 ms MarkObjects: 3.104000 ms  DeleteObjects: 0.025700 ms)

AssetImportParameters requested are different than current active one (requested -> active):
  custom:framework-win-MediaFoundation: 216162199b28c13a410421893ffa2e32 -> 
  custom:video-decoder-ogg-theora: a1e56fd34408186e4bbccfd4996cb3dc -> 
  custom:container-muxer-webm: aa71ff27fc2769a1b78a27578f13a17b -> 
  custom:container-demuxer-webm: 4f35f7cbe854078d1ac9338744f61a02 -> 
  custom:container-demuxer-ogg: 62fdf1f143b41e24485cea50d1cbac27 -> 
  custom:video-encoder-webm-vp8: eb34c28f22e8b96e1ab97ce403110664 -> 
  custom:video-decoder-webm-vp8: 9c59270c3fd7afecdb556c50c9e8de78 -> 
  custom:audio-decoder-ogg-vorbis: bf7c407c2cedff20999df2af8eb42d56 -> 
  custom:audio-encoder-webm-vorbis: bf7c407c2cedff20999df2af8eb42d56 -> 
========================================================================
Received Prepare
Registering precompiled user dll's ...
Registered in 0.006362 seconds.
Begin MonoManager ReloadAssembly
Native extension for WindowsStandalone target not found
Refreshing native plugins compatible for Editor in 0.38 ms, found 2 plugins.
Preloading 0 native plugins for Editor in 0.00 ms.
Mono: successfully reloaded assembly
- Completed reload, in  1.405 seconds
Domain Reload Profiling:
	ReloadAssembly (1406ms)
		BeginReloadAssembly (173ms)
			ExecutionOrderSort (0ms)
			DisableScriptedObjects (7ms)
			BackupInstance (0ms)
			ReleaseScriptingObjects (0ms)
			CreateAndSetChildDomain (53ms)
		EndReloadAssembly (1116ms)
			LoadAssemblies (161ms)
			RebuildTransferFunctionScriptingTraits (0ms)
			SetupTypeCache (401ms)
			ReleaseScriptCaches (1ms)
			RebuildScriptCaches (65ms)
			SetupLoadedEditorAssemblies (376ms)
				LogAssemblyErrors (0ms)
				InitializePlatformSupportModulesInManaged (6ms)
				SetLoadedEditorAssemblies (1ms)
				RefreshPlugins (1ms)
				BeforeProcessingInitializeOnLoad (67ms)
				ProcessInitializeOnLoadAttributes (286ms)
				ProcessInitializeOnLoadMethodAttributes (7ms)
				AfterProcessingInitializeOnLoad (8ms)
				EditorAssembliesLoaded (0ms)
			ExecutionOrderSort2 (0ms)
			AwakeInstancesAfterBackupRestoration (11ms)
Platform modules already initialized, skipping
Refreshing native plugins compatible for Editor in 0.34 ms, found 2 plugins.
Preloading 0 native plugins for Editor in 0.00 ms.
Unloading 1391 Unused Serialized files (Serialized files now loaded: 0)
System memory in use before: 68.1 MB.
System memory in use after: 68.2 MB.

Unloading 11 unused Assets to reduce memory usage. Loaded Objects now: 1880.
Total: 3.629500 ms (FindLiveObjects: 0.158700 ms CreateObjectMapping: 0.047200 ms MarkObjects: 3.397100 ms  DeleteObjects: 0.025000 ms)

AssetImportParameters requested are different than current active one (requested -> active):
  custom:framework-win-MediaFoundation: 216162199b28c13a410421893ffa2e32 -> 
  custom:video-decoder-ogg-theora: a1e56fd34408186e4bbccfd4996cb3dc -> 
  custom:container-muxer-webm: aa71ff27fc2769a1b78a27578f13a17b -> 
  custom:container-demuxer-webm: 4f35f7cbe854078d1ac9338744f61a02 -> 
  custom:container-demuxer-ogg: 62fdf1f143b41e24485cea50d1cbac27 -> 
  custom:video-encoder-webm-vp8: eb34c28f22e8b96e1ab97ce403110664 -> 
  custom:video-decoder-webm-vp8: 9c59270c3fd7afecdb556c50c9e8de78 -> 
  custom:audio-decoder-ogg-vorbis: bf7c407c2cedff20999df2af8eb42d56 -> 
  custom:audio-encoder-webm-vorbis: bf7c407c2cedff20999df2af8eb42d56 -> 
========================================================================
Received Import Request.
  Time since last request: 560.678320 seconds.
  path: Assets/Materials/SKy.mat
  artifactKey: Guid(735d6a8cd1f25a949a5371cc84a24863) Importer(815301076,1909f56bfc062723c751e8b465ee728b)
Start importing Assets/Materials/SKy.mat using Guid(735d6a8cd1f25a949a5371cc84a24863) Importer(815301076,1909f56bfc062723c751e8b465ee728b)  -> (artifact id: 'a7ccc29fed52b1ef81a1c921aca32751') in 0.105559 seconds 
  Import took 0.110778 seconds .

========================================================================
Received Import Request.
  Time since last request: 1.252953 seconds.
  path: Assets/Scenes/New Material.mat
  artifactKey: Guid(acc58172e3caf3245bd3771ad7e0f30e) Importer(815301076,1909f56bfc062723c751e8b465ee728b)
Start importing Assets/Scenes/New Material.mat using Guid(acc58172e3caf3245bd3771ad7e0f30e) Importer(815301076,1909f56bfc062723c751e8b465ee728b)  -> (artifact id: 'd04daf20a67b426d5b9b36c1817729e6') in 0.027609 seconds 
  Import took 0.032222 seconds .

========================================================================
Received Import Request.
  Time since last request: 23.914275 seconds.
  path: Assets/Textures and Materials/Plannet
  artifactKey: Guid(85ca303b11425af458b31a4c3417862d) Importer(815301076,1909f56bfc062723c751e8b465ee728b)
Start importing Assets/Textures and Materials/Plannet using Guid(85ca303b11425af458b31a4c3417862d) Importer(815301076,1909f56bfc062723c751e8b465ee728b)  -> (artifact id: 'c910426488b147fa776e351e992df711') in 0.014463 seconds 
  Import took 0.017972 seconds .

========================================================================
Received Import Request.
  Time since last request: 9.935331 seconds.
  path: Assets/Textures and Materials/Plannet/Earth.prefab
  artifactKey: Guid(fbc775bd846e11d49824cd072aa5f15c) Importer(815301076,1909f56bfc062723c751e8b465ee728b)
Start importing Assets/Textures and Materials/Plannet/Earth.prefab using Guid(fbc775bd846e11d49824cd072aa5f15c) Importer(815301076,1909f56bfc062723c751e8b465ee728b)  -> (artifact id: '844adc748647a36ad9c910a214f856d0') in 0.058180 seconds 
  Import took 0.062685 seconds .

========================================================================
Received Import Request.
  Time since last request: 8.068015 seconds.
  path: Assets/Textures and Materials/Plannet/Moon.prefab
  artifactKey: Guid(8259e69e49248594c9db26a9ea0fcbb6) Importer(815301076,1909f56bfc062723c751e8b465ee728b)
Start importing Assets/Textures and Materials/Plannet/Moon.prefab using Guid(8259e69e49248594c9db26a9ea0fcbb6) Importer(815301076,1909f56bfc062723c751e8b465ee728b)  -> (artifact id: '4497e9efe35918cb409bef99b036d6a9') in 0.037942 seconds 
  Import took 0.044090 seconds .

========================================================================
Received Import Request.
  Time since last request: 2.146894 seconds.
  path: Assets/Textures and Materials/Plannet/Mars.prefab
  artifactKey: Guid(73b66b63e4d485f4690d4ec033ef01cb) Importer(815301076,1909f56bfc062723c751e8b465ee728b)
Start importing Assets/Textures and Materials/Plannet/Mars.prefab using Guid(73b66b63e4d485f4690d4ec033ef01cb) Importer(815301076,1909f56bfc062723c751e8b465ee728b)  -> (artifact id: '19822993caf421bf46a249763dbbf5d3') in 0.031090 seconds 
  Import took 0.039003 seconds .

========================================================================
Received Import Request.
  Time since last request: 1.797953 seconds.
  path: Assets/Textures and Materials/Plannet/Sun.prefab
  artifactKey: Guid(4448a92c0f6323d4698549ae7d4aece3) Importer(815301076,1909f56bfc062723c751e8b465ee728b)
Start importing Assets/Textures and Materials/Plannet/Sun.prefab using Guid(4448a92c0f6323d4698549ae7d4aece3) Importer(815301076,1909f56bfc062723c751e8b465ee728b)  -> (artifact id: '63cac0f65f4e15ae23ed886c271b4524') in 0.032481 seconds 
  Import took 0.038656 seconds .

========================================================================
Received Import Request.
  Time since last request: 1736.851081 seconds.
  path: Assets/Script
  artifactKey: Guid(1d05e26375e65cd439931a66aa05e88d) Importer(815301076,1909f56bfc062723c751e8b465ee728b)
Start importing Assets/Script using Guid(1d05e26375e65cd439931a66aa05e88d) Importer(815301076,1909f56bfc062723c751e8b465ee728b)  -> (artifact id: '756bf12c85a1c86b2db4d0cf40649197') in 0.016140 seconds 
  Import took 0.028520 seconds .

========================================================================
Received Import Request.
  Time since last request: 10.149969 seconds.
  path: Assets/Script/Rotate.cs
  artifactKey: Guid(5f0f4d3336778334b89aa370ef81d3bf) Importer(815301076,1909f56bfc062723c751e8b465ee728b)
Start importing Assets/Script/Rotate.cs using Guid(5f0f4d3336778334b89aa370ef81d3bf) Importer(815301076,1909f56bfc062723c751e8b465ee728b)  -> (artifact id: 'a21974c7d1971a64bf52dc75abc78763') in 0.016095 seconds 
  Import took 0.020246 seconds .

========================================================================
Received Prepare
Registering precompiled user dll's ...
Registered in 0.007162 seconds.
Begin MonoManager ReloadAssembly
Native extension for WindowsStandalone target not found
Refreshing native plugins compatible for Editor in 0.36 ms, found 2 plugins.
Preloading 0 native plugins for Editor in 0.00 ms.
Mono: successfully reloaded assembly
- Completed reload, in  1.752 seconds
Domain Reload Profiling:
	ReloadAssembly (1753ms)
		BeginReloadAssembly (222ms)
			ExecutionOrderSort (0ms)
			DisableScriptedObjects (7ms)
			BackupInstance (0ms)
			ReleaseScriptingObjects (0ms)
			CreateAndSetChildDomain (57ms)
		EndReloadAssembly (1387ms)
			LoadAssemblies (197ms)
			RebuildTransferFunctionScriptingTraits (0ms)
			SetupTypeCache (435ms)
			ReleaseScriptCaches (1ms)
			RebuildScriptCaches (63ms)
			SetupLoadedEditorAssemblies (588ms)
				LogAssemblyErrors (0ms)
				InitializePlatformSupportModulesInManaged (6ms)
				SetLoadedEditorAssemblies (1ms)
				RefreshPlugins (0ms)
				BeforeProcessingInitializeOnLoad (99ms)
				ProcessInitializeOnLoadAttributes (468ms)
				ProcessInitializeOnLoadMethodAttributes (8ms)
				AfterProcessingInitializeOnLoad (5ms)
				EditorAssembliesLoaded (0ms)
			ExecutionOrderSort2 (0ms)
			AwakeInstancesAfterBackupRestoration (11ms)
Platform modules already initialized, skipping
Refreshing native plugins compatible for Editor in 0.35 ms, found 2 plugins.
Preloading 0 native plugins for Editor in 0.00 ms.
Unloading 1392 Unused Serialized files (Serialized files now loaded: 0)
System memory in use before: 68.2 MB.
System memory in use after: 68.3 MB.

Unloading 11 unused Assets to reduce memory usage. Loaded Objects now: 1885.
Total: 3.994500 ms (FindLiveObjects: 0.180200 ms CreateObjectMapping: 0.059700 ms MarkObjects: 3.722700 ms  DeleteObjects: 0.029800 ms)

AssetImportParameters requested are different than current active one (requested -> active):
  custom:framework-win-MediaFoundation: 216162199b28c13a410421893ffa2e32 -> 
  custom:video-decoder-ogg-theora: a1e56fd34408186e4bbccfd4996cb3dc -> 
  custom:container-muxer-webm: aa71ff27fc2769a1b78a27578f13a17b -> 
  custom:container-demuxer-webm: 4f35f7cbe854078d1ac9338744f61a02 -> 
  custom:container-demuxer-ogg: 62fdf1f143b41e24485cea50d1cbac27 -> 
  custom:video-encoder-webm-vp8: eb34c28f22e8b96e1ab97ce403110664 -> 
  custom:video-decoder-webm-vp8: 9c59270c3fd7afecdb556c50c9e8de78 -> 
  custom:audio-decoder-ogg-vorbis: bf7c407c2cedff20999df2af8eb42d56 -> 
  custom:audio-encoder-webm-vorbis: bf7c407c2cedff20999df2af8eb42d56 -> 
========================================================================
Received Prepare
Registering precompiled user dll's ...
Registered in 0.012134 seconds.
Begin MonoManager ReloadAssembly
Native extension for WindowsStandalone target not found
Refreshing native plugins compatible for Editor in 0.35 ms, found 2 plugins.
Preloading 0 native plugins for Editor in 0.00 ms.
Mono: successfully reloaded assembly
- Completed reload, in  1.233 seconds
Domain Reload Profiling:
	ReloadAssembly (1233ms)
		BeginReloadAssembly (167ms)
			ExecutionOrderSort (0ms)
			DisableScriptedObjects (6ms)
			BackupInstance (0ms)
			ReleaseScriptingObjects (0ms)
			CreateAndSetChildDomain (52ms)
		EndReloadAssembly (967ms)
			LoadAssemblies (149ms)
			RebuildTransferFunctionScriptingTraits (0ms)
			SetupTypeCache (329ms)
			ReleaseScriptCaches (1ms)
			RebuildScriptCaches (47ms)
			SetupLoadedEditorAssemblies (339ms)
				LogAssemblyErrors (0ms)
				InitializePlatformSupportModulesInManaged (6ms)
				SetLoadedEditorAssemblies (1ms)
				RefreshPlugins (0ms)
				BeforeProcessingInitializeOnLoad (59ms)
				ProcessInitializeOnLoadAttributes (263ms)
				ProcessInitializeOnLoadMethodAttributes (5ms)
				AfterProcessingInitializeOnLoad (5ms)
				EditorAssembliesLoaded (0ms)
			ExecutionOrderSort2 (0ms)
			AwakeInstancesAfterBackupRestoration (8ms)
Platform modules already initialized, skipping
Refreshing native plugins compatible for Editor in 0.39 ms, found 2 plugins.
Preloading 0 native plugins for Editor in 0.00 ms.
Unloading 1392 Unused Serialized files (Serialized files now loaded: 0)
System memory in use before: 68.2 MB.
System memory in use after: 68.3 MB.

Unloading 11 unused Assets to reduce memory usage. Loaded Objects now: 1887.
Total: 4.259500 ms (FindLiveObjects: 0.273000 ms CreateObjectMapping: 0.089100 ms MarkObjects: 3.855600 ms  DeleteObjects: 0.040200 ms)

AssetImportParameters requested are different than current active one (requested -> active):
  custom:framework-win-MediaFoundation: 216162199b28c13a410421893ffa2e32 -> 
  custom:video-decoder-ogg-theora: a1e56fd34408186e4bbccfd4996cb3dc -> 
  custom:container-muxer-webm: aa71ff27fc2769a1b78a27578f13a17b -> 
  custom:container-demuxer-webm: 4f35f7cbe854078d1ac9338744f61a02 -> 
  custom:container-demuxer-ogg: 62fdf1f143b41e24485cea50d1cbac27 -> 
  custom:video-encoder-webm-vp8: eb34c28f22e8b96e1ab97ce403110664 -> 
  custom:video-decoder-webm-vp8: 9c59270c3fd7afecdb556c50c9e8de78 -> 
  custom:audio-decoder-ogg-vorbis: bf7c407c2cedff20999df2af8eb42d56 -> 
  custom:audio-encoder-webm-vorbis: bf7c407c2cedff20999df2af8eb42d56 -> 
========================================================================
Received Prepare
Registering precompiled user dll's ...
Registered in 0.009221 seconds.
Begin MonoManager ReloadAssembly
Native extension for WindowsStandalone target not found
Refreshing native plugins compatible for Editor in 0.45 ms, found 2 plugins.
Preloading 0 native plugins for Editor in 0.00 ms.
Mono: successfully reloaded assembly
- Completed reload, in  1.503 seconds
Domain Reload Profiling:
	ReloadAssembly (1503ms)
		BeginReloadAssembly (166ms)
			ExecutionOrderSort (0ms)
			DisableScriptedObjects (8ms)
			BackupInstance (0ms)
			ReleaseScriptingObjects (0ms)
			CreateAndSetChildDomain (47ms)
		EndReloadAssembly (1251ms)
			LoadAssemblies (145ms)
			RebuildTransferFunctionScriptingTraits (0ms)
			SetupTypeCache (471ms)
			ReleaseScriptCaches (1ms)
			RebuildScriptCaches (56ms)
			SetupLoadedEditorAssemblies (444ms)
				LogAssemblyErrors (0ms)
				InitializePlatformSupportModulesInManaged (6ms)
				SetLoadedEditorAssemblies (1ms)
				RefreshPlugins (1ms)
				BeforeProcessingInitializeOnLoad (69ms)
				ProcessInitializeOnLoadAttributes (356ms)
				ProcessInitializeOnLoadMethodAttributes (5ms)
				AfterProcessingInitializeOnLoad (6ms)
				EditorAssembliesLoaded (0ms)
			ExecutionOrderSort2 (0ms)
			AwakeInstancesAfterBackupRestoration (9ms)
Platform modules already initialized, skipping
Refreshing native plugins compatible for Editor in 0.37 ms, found 2 plugins.
Preloading 0 native plugins for Editor in 0.00 ms.
Unloading 1392 Unused Serialized files (Serialized files now loaded: 0)
System memory in use before: 68.2 MB.
System memory in use after: 68.3 MB.

Unloading 11 unused Assets to reduce memory usage. Loaded Objects now: 1889.
Total: 3.518900 ms (FindLiveObjects: 0.189500 ms CreateObjectMapping: 0.058100 ms MarkObjects: 3.224000 ms  DeleteObjects: 0.045000 ms)

AssetImportParameters requested are different than current active one (requested -> active):
  custom:framework-win-MediaFoundation: 216162199b28c13a410421893ffa2e32 -> 
  custom:video-decoder-ogg-theora: a1e56fd34408186e4bbccfd4996cb3dc -> 
  custom:container-muxer-webm: aa71ff27fc2769a1b78a27578f13a17b -> 
  custom:container-demuxer-webm: 4f35f7cbe854078d1ac9338744f61a02 -> 
  custom:container-demuxer-ogg: 62fdf1f143b41e24485cea50d1cbac27 -> 
  custom:video-encoder-webm-vp8: eb34c28f22e8b96e1ab97ce403110664 -> 
  custom:video-decoder-webm-vp8: 9c59270c3fd7afecdb556c50c9e8de78 -> 
  custom:audio-decoder-ogg-vorbis: bf7c407c2cedff20999df2af8eb42d56 -> 
  custom:audio-encoder-webm-vorbis: bf7c407c2cedff20999df2af8eb42d56 -> 
AssetImportWorkerClient::OnTransportError - code=2 error=End of file
